<?xml version="1.0" encoding="UTF-8"?>
<!-- Generated by org.testng.reporters.JUnitReportReporter -->
<testsuite hostname="Sumas-MBP.broadband" failures="0" tests="1" name="sage.Objectives" time="56.413" errors="0" timestamp="2022-01-30T00:44:44 GMT" skipped="0">
  <testcase classname="sage.Objectives" name="sageObjective" time="56.413"/>
  <system-out/>
</testsuite> <!-- sage.Objectives -->
