<?xml version="1.0" encoding="UTF-8"?>
<!-- Generated by org.testng.reporters.JUnitReportReporter -->
<testsuite hostname="Sumas-MBP.broadband" failures="0" tests="1" name="sage.Functional" time="57.077" errors="0" timestamp="2022-01-30T19:26:11 GMT" skipped="0">
  <testcase classname="sage.Functional" name="sageObjective" time="57.077"/>
  <system-out/>
</testsuite> <!-- sage.Functional -->
